<?xml version="1.0" encoding="UTF-8"?>
<robot generator="Robot 7.4.1 (Python 3.13.12 on win32)" generated="2026-02-23T23:02:59.607523" rpa="false" schemaversion="5">
<suite id="s1" name="22Feb2026" source="D:\01_HexaEmbed\22Feb2026">
<suite id="s1-s1" name="01 tests Folder 001" source="D:\01_HexaEmbed\22Feb2026\01_tests_Folder_001">
<suite id="s1-s1-s1" name="01 TestSerial" source="D:\01_HexaEmbed\22Feb2026\01_tests_Folder_001\01_TestSerial.robot">
<test id="s1-s1-s1-t1" name="Echo Test One" line="5">
<kw name="Write Data" owner="SerialLibrary">
<msg time="2026-02-23T23:03:04.026454" level="INFO">Sent: One</msg>
<arg>One</arg>
<status status="PASS" start="2026-02-23T23:03:02.021981" elapsed="2.014656"/>
</kw>
<kw name="Read Data" owner="SerialLibrary">
<msg time="2026-02-23T23:03:05.052081" level="INFO">Received: One</msg>
<msg time="2026-02-23T23:03:05.053148" level="INFO">${response} = One</msg>
<var>${response}</var>
<status status="PASS" start="2026-02-23T23:03:04.038035" elapsed="1.015469"/>
</kw>
<kw name="Should Be Equal" owner="BuiltIn">
<arg>${response}</arg>
<arg>One</arg>
<doc>Fails if the given objects are unequal.</doc>
<status status="PASS" start="2026-02-23T23:03:05.054236" elapsed="0.001975"/>
</kw>
<kw name="Close Serial" owner="SerialLibrary">
<status status="PASS" start="2026-02-23T23:03:05.056816" elapsed="0.001278"/>
</kw>
<doc>This test case One</doc>
<tag>login</tag>
<tag>One</tag>
<status status="PASS" start="2026-02-23T23:03:02.020676" elapsed="3.038069"/>
</test>
<test id="s1-s1-s1-t2" name="Echo Test Two" line="13">
<kw name="Write Data" owner="SerialLibrary">
<msg time="2026-02-23T23:03:07.065496" level="INFO">Sent: Two</msg>
<arg>Two</arg>
<status status="PASS" start="2026-02-23T23:03:05.062495" elapsed="2.003424"/>
</kw>
<kw name="Read Data" owner="SerialLibrary">
<msg time="2026-02-23T23:03:08.077297" level="INFO">Received: Two</msg>
<msg time="2026-02-23T23:03:08.077903" level="INFO">${response} = Two</msg>
<var>${response}</var>
<status status="PASS" start="2026-02-23T23:03:07.066416" elapsed="1.011775"/>
</kw>
<kw name="Should Be Equal" owner="BuiltIn">
<arg>${response}</arg>
<arg>Two</arg>
<doc>Fails if the given objects are unequal.</doc>
<status status="PASS" start="2026-02-23T23:03:08.078647" elapsed="0.000955"/>
</kw>
<kw name="Close Serial" owner="SerialLibrary">
<status status="PASS" start="2026-02-23T23:03:08.079946" elapsed="0.000967"/>
</kw>
<doc>This test case Two</doc>
<tag>login</tag>
<tag>Two</tag>
<status status="PASS" start="2026-02-23T23:03:05.060494" elapsed="3.020831"/>
</test>
<test id="s1-s1-s1-t3" name="Echo Test Three" line="21">
<kw name="Write Data" owner="SerialLibrary">
<msg time="2026-02-23T23:03:10.086737" level="INFO">Sent: Three</msg>
<arg>Three</arg>
<status status="PASS" start="2026-02-23T23:03:08.083444" elapsed="2.003756"/>
</kw>
<kw name="Read Data" owner="SerialLibrary">
<msg time="2026-02-23T23:03:11.096032" level="INFO">Received: Three</msg>
<msg time="2026-02-23T23:03:11.096875" level="INFO">${response} = Three</msg>
<var>${response}</var>
<status status="PASS" start="2026-02-23T23:03:10.087736" elapsed="1.009432"/>
</kw>
<kw name="Should Be Equal" owner="BuiltIn">
<arg>${response}</arg>
<arg>Three</arg>
<doc>Fails if the given objects are unequal.</doc>
<status status="PASS" start="2026-02-23T23:03:11.097735" elapsed="0.001296"/>
</kw>
<kw name="Close Serial" owner="SerialLibrary">
<status status="PASS" start="2026-02-23T23:03:11.099490" elapsed="0.001269"/>
</kw>
<doc>This test case Three</doc>
<tag>login</tag>
<tag>Three</tag>
<status status="PASS" start="2026-02-23T23:03:08.082385" elapsed="3.019018"/>
</test>
<status status="PASS" start="2026-02-23T23:02:59.954454" elapsed="11.149146"/>
</suite>
<suite id="s1-s1-s2" name="02 TestSerial" source="D:\01_HexaEmbed\22Feb2026\01_tests_Folder_001\02_TestSerial.robot">
<test id="s1-s1-s2-t1" name="Echo Test One" line="5">
<kw name="Write Data" owner="SerialLibrary">
<msg time="2026-02-23T23:03:13.119041" level="INFO">Sent: Four</msg>
<arg>Four</arg>
<status status="PASS" start="2026-02-23T23:03:11.115415" elapsed="2.004256"/>
</kw>
<kw name="Read Data" owner="SerialLibrary">
<msg time="2026-02-23T23:03:14.127165" level="INFO">Received: Four</msg>
<msg time="2026-02-23T23:03:14.128009" level="INFO">${response} = Four</msg>
<var>${response}</var>
<status status="PASS" start="2026-02-23T23:03:13.120309" elapsed="1.008065"/>
</kw>
<kw name="Should Be Equal" owner="BuiltIn">
<arg>${response}</arg>
<arg>Four</arg>
<doc>Fails if the given objects are unequal.</doc>
<status status="PASS" start="2026-02-23T23:03:14.129022" elapsed="0.001611"/>
</kw>
<kw name="Close Serial" owner="SerialLibrary">
<status status="PASS" start="2026-02-23T23:03:14.131207" elapsed="0.001556"/>
</kw>
<doc>This test case Four</doc>
<tag>four</tag>
<tag>login</tag>
<status status="PASS" start="2026-02-23T23:03:11.114435" elapsed="3.018986"/>
</test>
<test id="s1-s1-s2-t2" name="Echo Test Two" line="13">
<kw name="Write Data" owner="SerialLibrary">
<msg time="2026-02-23T23:03:16.144173" level="INFO">Sent: Five</msg>
<arg>Five</arg>
<status status="PASS" start="2026-02-23T23:03:14.137938" elapsed="2.006874"/>
</kw>
<kw name="Read Data" owner="SerialLibrary">
<msg time="2026-02-23T23:03:17.152196" level="INFO">Received: Five</msg>
<msg time="2026-02-23T23:03:17.153052" level="INFO">${response} = Five</msg>
<var>${response}</var>
<status status="PASS" start="2026-02-23T23:03:16.145433" elapsed="1.007967"/>
</kw>
<kw name="Should Be Equal" owner="BuiltIn">
<msg time="2026-02-23T23:03:17.155996" level="FAIL">Five != five</msg>
<arg>${response}</arg>
<arg>five</arg>
<doc>Fails if the given objects are unequal.</doc>
<status status="FAIL" start="2026-02-23T23:03:17.154056" elapsed="0.002825">Five != five</status>
</kw>
<kw name="Close Serial" owner="SerialLibrary">
<status status="NOT RUN" start="2026-02-23T23:03:17.157555" elapsed="0.000338"/>
</kw>
<doc>This test case Five</doc>
<tag>Five</tag>
<tag>login</tag>
<status status="FAIL" start="2026-02-23T23:03:14.135763" elapsed="3.022864">Five != five</status>
</test>
<test id="s1-s1-s2-t3" name="Echo Test Three" line="21">
<kw name="Write Data" owner="SerialLibrary">
<msg time="2026-02-23T23:03:19.170079" level="INFO">Sent: Six</msg>
<arg>Six</arg>
<status status="PASS" start="2026-02-23T23:03:17.164081" elapsed="2.006764"/>
</kw>
<kw name="Read Data" owner="SerialLibrary">
<msg time="2026-02-23T23:03:20.184105" level="INFO">Received: Six</msg>
<msg time="2026-02-23T23:03:20.184748" level="INFO">${response} = Six</msg>
<var>${response}</var>
<status status="PASS" start="2026-02-23T23:03:19.171672" elapsed="1.013265"/>
</kw>
<kw name="Should Be Equal" owner="BuiltIn">
<arg>${response}</arg>
<arg>Six</arg>
<doc>Fails if the given objects are unequal.</doc>
<status status="PASS" start="2026-02-23T23:03:20.185311" elapsed="0.000968"/>
</kw>
<kw name="Close Serial" owner="SerialLibrary">
<status status="PASS" start="2026-02-23T23:03:20.186721" elapsed="0.001048"/>
</kw>
<doc>This test case Six</doc>
<tag>login</tag>
<tag>Six</tag>
<status status="PASS" start="2026-02-23T23:03:17.161971" elapsed="3.026167"/>
</test>
<status status="FAIL" start="2026-02-23T23:03:11.107058" elapsed="9.082577"/>
</suite>
<status status="FAIL" start="2026-02-23T23:02:59.950097" elapsed="20.240729"/>
</suite>
<suite id="s1-s2" name="01 tests Folder 002" source="D:\01_HexaEmbed\22Feb2026\01_tests_Folder_002">
<suite id="s1-s2-s1" name="01 TestSerial" source="D:\01_HexaEmbed\22Feb2026\01_tests_Folder_002\01_TestSerial.robot">
<test id="s1-s2-s1-t1" name="Echo Test One" line="5">
<kw name="Write Data" owner="SerialLibrary">
<msg time="2026-02-23T23:03:22.197820" level="INFO">Sent: One</msg>
<arg>One</arg>
<status status="PASS" start="2026-02-23T23:03:20.195467" elapsed="2.002740"/>
</kw>
<kw name="Read Data" owner="SerialLibrary">
<msg time="2026-02-23T23:03:23.217206" level="INFO">Received: One</msg>
<msg time="2026-02-23T23:03:23.218245" level="INFO">${response} = One</msg>
<var>${response}</var>
<status status="PASS" start="2026-02-23T23:03:22.198580" elapsed="1.108578"/>
</kw>
<kw name="Should Be Equal" owner="BuiltIn">
<arg>${response}</arg>
<arg>One</arg>
<doc>Fails if the given objects are unequal.</doc>
<status status="PASS" start="2026-02-23T23:03:23.308151" elapsed="0.001948"/>
</kw>
<kw name="Close Serial" owner="SerialLibrary">
<status status="PASS" start="2026-02-23T23:03:23.310794" elapsed="0.001646"/>
</kw>
<doc>This test case One</doc>
<tag>login</tag>
<tag>One</tag>
<status status="PASS" start="2026-02-23T23:03:20.195079" elapsed="3.117978"/>
</test>
<test id="s1-s2-s1-t2" name="Echo Test Two" line="13">
<kw name="Write Data" owner="SerialLibrary">
<msg time="2026-02-23T23:03:25.322420" level="INFO">Sent: Two</msg>
<arg>Two</arg>
<status status="PASS" start="2026-02-23T23:03:23.317476" elapsed="2.005537"/>
</kw>
<kw name="Read Data" owner="SerialLibrary">
<msg time="2026-02-23T23:03:26.324160" level="INFO">Received: Two</msg>
<msg time="2026-02-23T23:03:26.325042" level="INFO">${response} = Two</msg>
<var>${response}</var>
<status status="PASS" start="2026-02-23T23:03:25.323650" elapsed="1.001691"/>
</kw>
<kw name="Should Be Equal" owner="BuiltIn">
<arg>${response}</arg>
<arg>Two</arg>
<doc>Fails if the given objects are unequal.</doc>
<status status="PASS" start="2026-02-23T23:03:26.325972" elapsed="0.001617"/>
</kw>
<kw name="Close Serial" owner="SerialLibrary">
<status status="PASS" start="2026-02-23T23:03:26.328166" elapsed="0.001668"/>
</kw>
<doc>This test case Two</doc>
<tag>login</tag>
<tag>Two</tag>
<status status="PASS" start="2026-02-23T23:03:23.315211" elapsed="3.015556"/>
</test>
<test id="s1-s2-s1-t3" name="Echo Test Three" line="21">
<kw name="Write Data" owner="SerialLibrary">
<msg time="2026-02-23T23:03:28.340996" level="INFO">Sent: Three</msg>
<arg>Three</arg>
<status status="PASS" start="2026-02-23T23:03:26.335110" elapsed="2.006467"/>
</kw>
<kw name="Read Data" owner="SerialLibrary">
<msg time="2026-02-23T23:03:29.348585" level="INFO">Received: Three</msg>
<msg time="2026-02-23T23:03:29.349514" level="INFO">${response} = Three</msg>
<var>${response}</var>
<status status="PASS" start="2026-02-23T23:03:28.342193" elapsed="1.007635"/>
</kw>
<kw name="Should Be Equal" owner="BuiltIn">
<arg>${response}</arg>
<arg>Three</arg>
<doc>Fails if the given objects are unequal.</doc>
<status status="PASS" start="2026-02-23T23:03:29.350358" elapsed="0.001275"/>
</kw>
<kw name="Close Serial" owner="SerialLibrary">
<status status="PASS" start="2026-02-23T23:03:29.352106" elapsed="0.001310"/>
</kw>
<doc>This test case Three</doc>
<tag>login</tag>
<tag>Three</tag>
<status status="PASS" start="2026-02-23T23:03:26.332946" elapsed="3.021191"/>
</test>
<status status="PASS" start="2026-02-23T23:03:20.193310" elapsed="9.163013"/>
</suite>
<suite id="s1-s2-s2" name="02 TestSerial" source="D:\01_HexaEmbed\22Feb2026\01_tests_Folder_002\02_TestSerial.robot">
<test id="s1-s2-s2-t1" name="Echo Test One" line="5">
<kw name="Write Data" owner="SerialLibrary">
<msg time="2026-02-23T23:03:31.374056" level="INFO">Sent: Four</msg>
<arg>Four</arg>
<status status="PASS" start="2026-02-23T23:03:29.369146" elapsed="2.005496"/>
</kw>
<kw name="Read Data" owner="SerialLibrary">
<msg time="2026-02-23T23:03:32.378691" level="INFO">Received: Four</msg>
<msg time="2026-02-23T23:03:32.379499" level="INFO">${response} = Four</msg>
<var>${response}</var>
<status status="PASS" start="2026-02-23T23:03:31.375257" elapsed="1.004541"/>
</kw>
<kw name="Should Be Equal" owner="BuiltIn">
<arg>${response}</arg>
<arg>Four</arg>
<doc>Fails if the given objects are unequal.</doc>
<status status="PASS" start="2026-02-23T23:03:32.380454" elapsed="0.001694"/>
</kw>
<kw name="Close Serial" owner="SerialLibrary">
<status status="PASS" start="2026-02-23T23:03:32.382773" elapsed="0.001627"/>
</kw>
<doc>This test case Four</doc>
<tag>four</tag>
<tag>login</tag>
<status status="PASS" start="2026-02-23T23:03:29.367519" elapsed="3.017514"/>
</test>
<test id="s1-s2-s2-t2" name="Echo Test Two" line="13">
<kw name="Write Data" owner="SerialLibrary">
<msg time="2026-02-23T23:03:34.394377" level="INFO">Sent: Five</msg>
<arg>Five</arg>
<status status="PASS" start="2026-02-23T23:03:32.389062" elapsed="2.005927"/>
</kw>
<kw name="Read Data" owner="SerialLibrary">
<msg time="2026-02-23T23:03:35.407612" level="INFO">Received: Five</msg>
<msg time="2026-02-23T23:03:35.407850" level="INFO">${response} = Five</msg>
<var>${response}</var>
<status status="PASS" start="2026-02-23T23:03:34.395612" elapsed="1.012316"/>
</kw>
<kw name="Should Be Equal" owner="BuiltIn">
<msg time="2026-02-23T23:03:35.408655" level="FAIL">Five != five</msg>
<arg>${response}</arg>
<arg>five</arg>
<doc>Fails if the given objects are unequal.</doc>
<status status="FAIL" start="2026-02-23T23:03:35.408135" elapsed="0.000651">Five != five</status>
</kw>
<kw name="Close Serial" owner="SerialLibrary">
<status status="NOT RUN" start="2026-02-23T23:03:35.408915" elapsed="0.000063"/>
</kw>
<doc>This test case Five</doc>
<tag>Five</tag>
<tag>login</tag>
<status status="FAIL" start="2026-02-23T23:03:32.387144" elapsed="3.022003">Five != five</status>
</test>
<test id="s1-s2-s2-t3" name="Echo Test Three" line="21">
<kw name="Write Data" owner="SerialLibrary">
<msg time="2026-02-23T23:03:37.413331" level="INFO">Sent: Six</msg>
<arg>Six</arg>
<status status="PASS" start="2026-02-23T23:03:35.410551" elapsed="2.003374"/>
</kw>
<kw name="Read Data" owner="SerialLibrary">
<msg time="2026-02-23T23:03:38.435220" level="INFO">Received: Six</msg>
<msg time="2026-02-23T23:03:38.436159" level="INFO">${response} = Six</msg>
<var>${response}</var>
<status status="PASS" start="2026-02-23T23:03:37.414606" elapsed="1.021902"/>
</kw>
<kw name="Should Be Equal" owner="BuiltIn">
<arg>${response}</arg>
<arg>Six</arg>
<doc>Fails if the given objects are unequal.</doc>
<status status="PASS" start="2026-02-23T23:03:38.437152" elapsed="0.001648"/>
</kw>
<kw name="Close Serial" owner="SerialLibrary">
<status status="PASS" start="2026-02-23T23:03:38.439397" elapsed="0.001598"/>
</kw>
<doc>This test case Six</doc>
<tag>login</tag>
<tag>Six</tag>
<status status="PASS" start="2026-02-23T23:03:35.409956" elapsed="3.031699"/>
</test>
<status status="FAIL" start="2026-02-23T23:03:29.359411" elapsed="9.084558"/>
</suite>
<status status="FAIL" start="2026-02-23T23:03:20.191539" elapsed="18.256741"/>
</suite>
<status status="FAIL" start="2026-02-23T23:02:59.776317" elapsed="38.676586"/>
</suite>
<statistics>
<total>
<stat pass="10" fail="2" skip="0">All Tests</stat>
</total>
<tag>
<stat pass="0" fail="2" skip="0">Five</stat>
<stat pass="2" fail="0" skip="0">four</stat>
<stat pass="10" fail="2" skip="0">login</stat>
<stat pass="2" fail="0" skip="0">One</stat>
<stat pass="2" fail="0" skip="0">Six</stat>
<stat pass="2" fail="0" skip="0">Three</stat>
<stat pass="2" fail="0" skip="0">Two</stat>
</tag>
<suite>
<stat name="22Feb2026" id="s1" pass="10" fail="2" skip="0">22Feb2026</stat>
<stat name="01 tests Folder 001" id="s1-s1" pass="5" fail="1" skip="0">22Feb2026.01 tests Folder 001</stat>
<stat name="01 TestSerial" id="s1-s1-s1" pass="3" fail="0" skip="0">22Feb2026.01 tests Folder 001.01 TestSerial</stat>
<stat name="02 TestSerial" id="s1-s1-s2" pass="2" fail="1" skip="0">22Feb2026.01 tests Folder 001.02 TestSerial</stat>
<stat name="01 tests Folder 002" id="s1-s2" pass="5" fail="1" skip="0">22Feb2026.01 tests Folder 002</stat>
<stat name="01 TestSerial" id="s1-s2-s1" pass="3" fail="0" skip="0">22Feb2026.01 tests Folder 002.01 TestSerial</stat>
<stat name="02 TestSerial" id="s1-s2-s2" pass="2" fail="1" skip="0">22Feb2026.01 tests Folder 002.02 TestSerial</stat>
</suite>
</statistics>
<errors>
</errors>
</robot>
