<?xml version="1.0" encoding="UTF-8"?>
<robot generator="Robot 7.4.1 (Python 3.13.12 on win32)" generated="2026-02-23T23:32:11.663881" rpa="false" schemaversion="5">
<suite id="s1" name="02 Git Dwonload Test" source="D:\01_HexaEmbed\02_Git_Dwonload_Test">
<suite id="s1-s1" name="01 tests Folder 001" source="D:\01_HexaEmbed\02_Git_Dwonload_Test\01_tests_Folder_001">
<suite id="s1-s1-s1" name="01 TestSerial" source="D:\01_HexaEmbed\02_Git_Dwonload_Test\01_tests_Folder_001\01_TestSerial.robot">
<test id="s1-s1-s1-t1" name="Echo Test One" line="5">
<kw name="Write Data" owner="SerialLibrary">
<msg time="2026-02-23T23:32:15.753596" level="INFO">Sent: One</msg>
<arg>One</arg>
<status status="PASS" start="2026-02-23T23:32:13.747853" elapsed="2.010330"/>
</kw>
<kw name="Read Data" owner="SerialLibrary">
<msg time="2026-02-23T23:32:16.764152" level="INFO">Received: One</msg>
<msg time="2026-02-23T23:32:16.765192" level="INFO">${response} = One</msg>
<var>${response}</var>
<status status="PASS" start="2026-02-23T23:32:15.759054" elapsed="1.006494"/>
</kw>
<kw name="Should Be Equal" owner="BuiltIn">
<arg>${response}</arg>
<arg>One</arg>
<doc>Fails if the given objects are unequal.</doc>
<status status="PASS" start="2026-02-23T23:32:16.766288" elapsed="0.001927"/>
</kw>
<kw name="Close Serial" owner="SerialLibrary">
<status status="PASS" start="2026-02-23T23:32:16.768861" elapsed="0.001653"/>
</kw>
<doc>This test case One</doc>
<tag>login</tag>
<tag>One</tag>
<status status="PASS" start="2026-02-23T23:32:13.744179" elapsed="3.027082"/>
</test>
<test id="s1-s1-s1-t2" name="Echo Test Two" line="13">
<kw name="Write Data" owner="SerialLibrary">
<msg time="2026-02-23T23:32:18.781839" level="INFO">Sent: Two</msg>
<arg>Two</arg>
<status status="PASS" start="2026-02-23T23:32:16.775936" elapsed="2.006509"/>
</kw>
<kw name="Read Data" owner="SerialLibrary">
<msg time="2026-02-23T23:32:19.796989" level="INFO">Received: Two</msg>
<msg time="2026-02-23T23:32:19.797951" level="INFO">${response} = Two</msg>
<var>${response}</var>
<status status="PASS" start="2026-02-23T23:32:18.783089" elapsed="1.015220"/>
</kw>
<kw name="Should Be Equal" owner="BuiltIn">
<arg>${response}</arg>
<arg>Two</arg>
<doc>Fails if the given objects are unequal.</doc>
<status status="PASS" start="2026-02-23T23:32:19.798988" elapsed="0.001755"/>
</kw>
<kw name="Close Serial" owner="SerialLibrary">
<status status="PASS" start="2026-02-23T23:32:19.801347" elapsed="0.001917"/>
</kw>
<doc>This test case Two</doc>
<tag>login</tag>
<tag>Two</tag>
<status status="PASS" start="2026-02-23T23:32:16.773860" elapsed="3.030167"/>
</test>
<test id="s1-s1-s1-t3" name="Echo Test Three" line="21">
<kw name="Write Data" owner="SerialLibrary">
<msg time="2026-02-23T23:32:21.813720" level="INFO">Sent: Three</msg>
<arg>Three</arg>
<status status="PASS" start="2026-02-23T23:32:19.808611" elapsed="2.005708"/>
</kw>
<kw name="Read Data" owner="SerialLibrary">
<msg time="2026-02-23T23:32:22.832366" level="INFO">Received: Three</msg>
<msg time="2026-02-23T23:32:22.833368" level="INFO">${response} = Three</msg>
<var>${response}</var>
<status status="PASS" start="2026-02-23T23:32:21.814957" elapsed="1.018766"/>
</kw>
<kw name="Should Be Equal" owner="BuiltIn">
<arg>${response}</arg>
<arg>Three</arg>
<doc>Fails if the given objects are unequal.</doc>
<status status="PASS" start="2026-02-23T23:32:22.834388" elapsed="0.001992"/>
</kw>
<kw name="Close Serial" owner="SerialLibrary">
<status status="PASS" start="2026-02-23T23:32:22.837022" elapsed="0.001874"/>
</kw>
<doc>This test case Three</doc>
<tag>login</tag>
<tag>Three</tag>
<status status="PASS" start="2026-02-23T23:32:19.806339" elapsed="3.033292"/>
</test>
<status status="PASS" start="2026-02-23T23:32:11.726967" elapsed="11.115521"/>
</suite>
<suite id="s1-s1-s2" name="02 TestSerial" source="D:\01_HexaEmbed\02_Git_Dwonload_Test\01_tests_Folder_001\02_TestSerial.robot">
<test id="s1-s1-s2-t1" name="Echo Test One" line="5">
<kw name="Write Data" owner="SerialLibrary">
<msg time="2026-02-23T23:32:24.861739" level="INFO">Sent: Four</msg>
<arg>Four</arg>
<status status="PASS" start="2026-02-23T23:32:22.856443" elapsed="2.005842"/>
</kw>
<kw name="Read Data" owner="SerialLibrary">
<msg time="2026-02-23T23:32:25.882699" level="INFO">Received: Four</msg>
<msg time="2026-02-23T23:32:25.883567" level="INFO">${response} = Four</msg>
<var>${response}</var>
<status status="PASS" start="2026-02-23T23:32:24.862833" elapsed="1.021079"/>
</kw>
<kw name="Should Be Equal" owner="BuiltIn">
<arg>${response}</arg>
<arg>Four</arg>
<doc>Fails if the given objects are unequal.</doc>
<status status="PASS" start="2026-02-23T23:32:25.884578" elapsed="0.001685"/>
</kw>
<kw name="Close Serial" owner="SerialLibrary">
<status status="PASS" start="2026-02-23T23:32:25.886856" elapsed="0.001811"/>
</kw>
<doc>This test case Four</doc>
<tag>four</tag>
<tag>login</tag>
<status status="PASS" start="2026-02-23T23:32:22.854620" elapsed="3.035003"/>
</test>
<test id="s1-s1-s2-t2" name="Echo Test Two" line="13">
<kw name="Write Data" owner="SerialLibrary">
<msg time="2026-02-23T23:32:27.899333" level="INFO">Sent: Five</msg>
<arg>Five</arg>
<status status="PASS" start="2026-02-23T23:32:25.893968" elapsed="2.005959"/>
</kw>
<kw name="Read Data" owner="SerialLibrary">
<msg time="2026-02-23T23:32:28.915323" level="INFO">Received: Five</msg>
<msg time="2026-02-23T23:32:28.916301" level="INFO">${response} = Five</msg>
<var>${response}</var>
<status status="PASS" start="2026-02-23T23:32:27.900554" elapsed="1.016083"/>
</kw>
<kw name="Should Be Equal" owner="BuiltIn">
<msg time="2026-02-23T23:32:28.919174" level="FAIL">Five != five</msg>
<arg>${response}</arg>
<arg>five</arg>
<doc>Fails if the given objects are unequal.</doc>
<status status="FAIL" start="2026-02-23T23:32:28.917290" elapsed="0.002725">Five != five</status>
</kw>
<kw name="Close Serial" owner="SerialLibrary">
<status status="NOT RUN" start="2026-02-23T23:32:28.920715" elapsed="0.000336"/>
</kw>
<doc>This test case Five</doc>
<tag>Five</tag>
<tag>login</tag>
<status status="FAIL" start="2026-02-23T23:32:25.892074" elapsed="3.029708">Five != five</status>
</test>
<test id="s1-s1-s2-t3" name="Echo Test Three" line="21">
<kw name="Write Data" owner="SerialLibrary">
<msg time="2026-02-23T23:32:30.933146" level="INFO">Sent: Six</msg>
<arg>Six</arg>
<status status="PASS" start="2026-02-23T23:32:28.926648" elapsed="2.007118"/>
</kw>
<kw name="Read Data" owner="SerialLibrary">
<msg time="2026-02-23T23:32:31.951737" level="INFO">Received: Six</msg>
<msg time="2026-02-23T23:32:31.952566" level="INFO">${response} = Six</msg>
<var>${response}</var>
<status status="PASS" start="2026-02-23T23:32:30.934394" elapsed="1.018480"/>
</kw>
<kw name="Should Be Equal" owner="BuiltIn">
<arg>${response}</arg>
<arg>Six</arg>
<doc>Fails if the given objects are unequal.</doc>
<status status="PASS" start="2026-02-23T23:32:31.953453" elapsed="0.001448"/>
</kw>
<kw name="Close Serial" owner="SerialLibrary">
<status status="PASS" start="2026-02-23T23:32:31.955471" elapsed="0.001455"/>
</kw>
<doc>This test case Six</doc>
<tag>login</tag>
<tag>Six</tag>
<status status="PASS" start="2026-02-23T23:32:28.924764" elapsed="3.032745"/>
</test>
<status status="FAIL" start="2026-02-23T23:32:22.846434" elapsed="9.113107"/>
</suite>
<status status="FAIL" start="2026-02-23T23:32:11.724601" elapsed="20.238634"/>
</suite>
<suite id="s1-s2" name="01 tests Folder 002" source="D:\01_HexaEmbed\02_Git_Dwonload_Test\01_tests_Folder_002">
<suite id="s1-s2-s1" name="01 TestSerial" source="D:\01_HexaEmbed\02_Git_Dwonload_Test\01_tests_Folder_002\01_TestSerial.robot">
<test id="s1-s2-s1-t1" name="Echo Test One" line="5">
<kw name="Write Data" owner="SerialLibrary">
<msg time="2026-02-23T23:32:33.980222" level="INFO">Sent: One</msg>
<arg>One</arg>
<status status="PASS" start="2026-02-23T23:32:31.976627" elapsed="2.004152"/>
</kw>
<kw name="Read Data" owner="SerialLibrary">
<msg time="2026-02-23T23:32:35.000783" level="INFO">Received: One</msg>
<msg time="2026-02-23T23:32:35.002081" level="INFO">${response} = One</msg>
<var>${response}</var>
<status status="PASS" start="2026-02-23T23:32:33.981400" elapsed="1.021038"/>
</kw>
<kw name="Should Be Equal" owner="BuiltIn">
<arg>${response}</arg>
<arg>One</arg>
<doc>Fails if the given objects are unequal.</doc>
<status status="PASS" start="2026-02-23T23:32:35.003090" elapsed="0.001708"/>
</kw>
<kw name="Close Serial" owner="SerialLibrary">
<status status="PASS" start="2026-02-23T23:32:35.005415" elapsed="0.001560"/>
</kw>
<doc>This test case One</doc>
<tag>login</tag>
<tag>One</tag>
<status status="PASS" start="2026-02-23T23:32:31.975992" elapsed="3.031643"/>
</test>
<test id="s1-s2-s1-t2" name="Echo Test Two" line="13">
<kw name="Write Data" owner="SerialLibrary">
<msg time="2026-02-23T23:32:37.017205" level="INFO">Sent: Two</msg>
<arg>Two</arg>
<status status="PASS" start="2026-02-23T23:32:35.011634" elapsed="2.006150"/>
</kw>
<kw name="Read Data" owner="SerialLibrary">
<msg time="2026-02-23T23:32:38.029985" level="INFO">Received: Two</msg>
<msg time="2026-02-23T23:32:38.030684" level="INFO">${response} = Two</msg>
<var>${response}</var>
<status status="PASS" start="2026-02-23T23:32:37.018406" elapsed="1.012550"/>
</kw>
<kw name="Should Be Equal" owner="BuiltIn">
<arg>${response}</arg>
<arg>Two</arg>
<doc>Fails if the given objects are unequal.</doc>
<status status="PASS" start="2026-02-23T23:32:38.031533" elapsed="0.001406"/>
</kw>
<kw name="Close Serial" owner="SerialLibrary">
<status status="PASS" start="2026-02-23T23:32:38.033448" elapsed="0.001454"/>
</kw>
<doc>This test case Two</doc>
<tag>login</tag>
<tag>Two</tag>
<status status="PASS" start="2026-02-23T23:32:35.009791" elapsed="3.025689"/>
</test>
<test id="s1-s2-s1-t3" name="Echo Test Three" line="21">
<kw name="Write Data" owner="SerialLibrary">
<msg time="2026-02-23T23:32:40.043730" level="INFO">Sent: Three</msg>
<arg>Three</arg>
<status status="PASS" start="2026-02-23T23:32:38.039044" elapsed="2.005198"/>
</kw>
<kw name="Read Data" owner="SerialLibrary">
<msg time="2026-02-23T23:32:41.052982" level="INFO">Received: Three</msg>
<msg time="2026-02-23T23:32:41.053955" level="INFO">${response} = Three</msg>
<var>${response}</var>
<status status="PASS" start="2026-02-23T23:32:40.044801" elapsed="1.009486"/>
</kw>
<kw name="Should Be Equal" owner="BuiltIn">
<arg>${response}</arg>
<arg>Three</arg>
<doc>Fails if the given objects are unequal.</doc>
<status status="PASS" start="2026-02-23T23:32:41.054931" elapsed="0.001640"/>
</kw>
<kw name="Close Serial" owner="SerialLibrary">
<status status="PASS" start="2026-02-23T23:32:41.057159" elapsed="0.001668"/>
</kw>
<doc>This test case Three</doc>
<tag>login</tag>
<tag>Three</tag>
<status status="PASS" start="2026-02-23T23:32:38.037139" elapsed="3.022364"/>
</test>
<status status="PASS" start="2026-02-23T23:32:31.972215" elapsed="9.089819"/>
</suite>
<suite id="s1-s2-s2" name="02 TestSerial" source="D:\01_HexaEmbed\02_Git_Dwonload_Test\01_tests_Folder_002\02_TestSerial.robot">
<test id="s1-s2-s2-t1" name="Echo Test One" line="5">
<kw name="Write Data" owner="SerialLibrary">
<msg time="2026-02-23T23:32:43.079572" level="INFO">Sent: Four</msg>
<arg>Four</arg>
<status status="PASS" start="2026-02-23T23:32:41.074801" elapsed="2.005339"/>
</kw>
<kw name="Read Data" owner="SerialLibrary">
<msg time="2026-02-23T23:32:44.099600" level="INFO">Received: Four</msg>
<msg time="2026-02-23T23:32:44.100554" level="INFO">${response} = Four</msg>
<var>${response}</var>
<status status="PASS" start="2026-02-23T23:32:43.080772" elapsed="1.020109"/>
</kw>
<kw name="Should Be Equal" owner="BuiltIn">
<arg>${response}</arg>
<arg>Four</arg>
<doc>Fails if the given objects are unequal.</doc>
<status status="PASS" start="2026-02-23T23:32:44.101536" elapsed="0.001668"/>
</kw>
<kw name="Close Serial" owner="SerialLibrary">
<status status="PASS" start="2026-02-23T23:32:44.103807" elapsed="0.001676"/>
</kw>
<doc>This test case Four</doc>
<tag>four</tag>
<tag>login</tag>
<status status="PASS" start="2026-02-23T23:32:41.073040" elapsed="3.033099"/>
</test>
<test id="s1-s2-s2-t2" name="Echo Test Two" line="13">
<kw name="Write Data" owner="SerialLibrary">
<msg time="2026-02-23T23:32:46.115396" level="INFO">Sent: Five</msg>
<arg>Five</arg>
<status status="PASS" start="2026-02-23T23:32:44.110251" elapsed="2.005703"/>
</kw>
<kw name="Read Data" owner="SerialLibrary">
<msg time="2026-02-23T23:32:47.125722" level="INFO">Received: Five</msg>
<msg time="2026-02-23T23:32:47.125960" level="INFO">${response} = Five</msg>
<var>${response}</var>
<status status="PASS" start="2026-02-23T23:32:46.116579" elapsed="1.009453"/>
</kw>
<kw name="Should Be Equal" owner="BuiltIn">
<msg time="2026-02-23T23:32:47.126677" level="FAIL">Five != five</msg>
<arg>${response}</arg>
<arg>five</arg>
<doc>Fails if the given objects are unequal.</doc>
<status status="FAIL" start="2026-02-23T23:32:47.126210" elapsed="0.000608">Five != five</status>
</kw>
<kw name="Close Serial" owner="SerialLibrary">
<status status="NOT RUN" start="2026-02-23T23:32:47.126970" elapsed="0.000073"/>
</kw>
<doc>This test case Five</doc>
<tag>Five</tag>
<tag>login</tag>
<status status="FAIL" start="2026-02-23T23:32:44.108378" elapsed="3.018830">Five != five</status>
</test>
<test id="s1-s2-s2-t3" name="Echo Test Three" line="21">
<kw name="Write Data" owner="SerialLibrary">
<msg time="2026-02-23T23:32:49.131492" level="INFO">Sent: Six</msg>
<arg>Six</arg>
<status status="PASS" start="2026-02-23T23:32:47.128378" elapsed="2.003718"/>
</kw>
<kw name="Read Data" owner="SerialLibrary">
<msg time="2026-02-23T23:32:50.145951" level="INFO">Received: Six</msg>
<msg time="2026-02-23T23:32:50.146722" level="INFO">${response} = Six</msg>
<var>${response}</var>
<status status="PASS" start="2026-02-23T23:32:49.132730" elapsed="1.014319"/>
</kw>
<kw name="Should Be Equal" owner="BuiltIn">
<arg>${response}</arg>
<arg>Six</arg>
<doc>Fails if the given objects are unequal.</doc>
<status status="PASS" start="2026-02-23T23:32:50.147695" elapsed="0.001616"/>
</kw>
<kw name="Close Serial" owner="SerialLibrary">
<status status="PASS" start="2026-02-23T23:32:50.149911" elapsed="0.001633"/>
</kw>
<doc>This test case Six</doc>
<tag>login</tag>
<tag>Six</tag>
<status status="PASS" start="2026-02-23T23:32:47.127984" elapsed="3.024390"/>
</test>
<status status="FAIL" start="2026-02-23T23:32:41.065713" elapsed="9.088931"/>
</suite>
<status status="FAIL" start="2026-02-23T23:32:31.966429" elapsed="18.191979"/>
</suite>
<status status="FAIL" start="2026-02-23T23:32:11.679948" elapsed="38.482528"/>
</suite>
<statistics>
<total>
<stat pass="10" fail="2" skip="0">All Tests</stat>
</total>
<tag>
<stat pass="0" fail="2" skip="0">Five</stat>
<stat pass="2" fail="0" skip="0">four</stat>
<stat pass="10" fail="2" skip="0">login</stat>
<stat pass="2" fail="0" skip="0">One</stat>
<stat pass="2" fail="0" skip="0">Six</stat>
<stat pass="2" fail="0" skip="0">Three</stat>
<stat pass="2" fail="0" skip="0">Two</stat>
</tag>
<suite>
<stat name="02 Git Dwonload Test" id="s1" pass="10" fail="2" skip="0">02 Git Dwonload Test</stat>
<stat name="01 tests Folder 001" id="s1-s1" pass="5" fail="1" skip="0">02 Git Dwonload Test.01 tests Folder 001</stat>
<stat name="01 TestSerial" id="s1-s1-s1" pass="3" fail="0" skip="0">02 Git Dwonload Test.01 tests Folder 001.01 TestSerial</stat>
<stat name="02 TestSerial" id="s1-s1-s2" pass="2" fail="1" skip="0">02 Git Dwonload Test.01 tests Folder 001.02 TestSerial</stat>
<stat name="01 tests Folder 002" id="s1-s2" pass="5" fail="1" skip="0">02 Git Dwonload Test.01 tests Folder 002</stat>
<stat name="01 TestSerial" id="s1-s2-s1" pass="3" fail="0" skip="0">02 Git Dwonload Test.01 tests Folder 002.01 TestSerial</stat>
<stat name="02 TestSerial" id="s1-s2-s2" pass="2" fail="1" skip="0">02 Git Dwonload Test.01 tests Folder 002.02 TestSerial</stat>
</suite>
</statistics>
<errors>
</errors>
</robot>
