<?xml version="1.0" encoding="UTF-8"?>
<robot generator="Robot 7.4.1 (Python 3.13.12 on win32)" generated="2026-03-05T12:02:45.789832" rpa="false" schemaversion="5">
<suite id="s1" name="02 Git Dwonload Test" source="D:\01_HexaEmbed\02_Git_Dwonload_Test">
<suite id="s1-s1" name="01 tests Folder 000" source="D:\01_HexaEmbed\02_Git_Dwonload_Test\01_tests_Folder_000">
<suite id="s1-s1-s1" name="00 TestCalMath" source="D:\01_HexaEmbed\02_Git_Dwonload_Test\01_tests_Folder_000\00_TestCalMath.robot">
<test id="s1-s1-s1-t1" name="Postive Addition" line="6">
<kw name="Perform Addition" owner="Cal_Math">
<kw name="Cals Add" owner="Cal_Math">
<msg time="2026-03-05T12:02:45.896685" level="INFO">${Res} = 11</msg>
<var>${Res}</var>
<arg>${Var1}</arg>
<arg>${Var2}</arg>
<status status="PASS" start="2026-03-05T12:02:45.896131" elapsed="0.003459"/>
</kw>
<kw name="Should Be Equal" owner="BuiltIn">
<arg>${Res}</arg>
<arg>${Exp_Res}</arg>
<doc>Fails if the given objects are unequal.</doc>
<status status="PASS" start="2026-03-05T12:02:45.900110" elapsed="0.000902"/>
</kw>
<arg>5</arg>
<arg>6</arg>
<arg>11</arg>
<tag>Positive Test Case A + B</tag>
<doc>Test Addition of Two Numbers</doc>
<status status="PASS" start="2026-03-05T12:02:45.895088" elapsed="0.006167"/>
</kw>
<doc>Postive Addition Test</doc>
<tag>Postive Addition Test</tag>
<status status="PASS" start="2026-03-05T12:02:45.893137" elapsed="0.008369"/>
</test>
<test id="s1-s1-s1-t2" name="One More Time" line="11">
<kw name="Perform Addition" owner="Cal_Math">
<kw name="Cals Add" owner="Cal_Math">
<msg time="2026-03-05T12:02:45.903972" level="INFO">${Res} = 7</msg>
<var>${Res}</var>
<arg>${Var1}</arg>
<arg>${Var2}</arg>
<status status="PASS" start="2026-03-05T12:02:45.903537" elapsed="0.000589"/>
</kw>
<kw name="Should Be Equal" owner="BuiltIn">
<arg>${Res}</arg>
<arg>${Exp_Res}</arg>
<doc>Fails if the given objects are unequal.</doc>
<status status="PASS" start="2026-03-05T12:02:45.904329" elapsed="0.000558"/>
</kw>
<arg>3</arg>
<arg>4</arg>
<arg>7</arg>
<tag>Positive Test Case A + B</tag>
<doc>Test Addition of Two Numbers</doc>
<status status="PASS" start="2026-03-05T12:02:45.903022" elapsed="0.002014"/>
</kw>
<doc>One More Time</doc>
<tag>One More Time Test</tag>
<status status="PASS" start="2026-03-05T12:02:45.902273" elapsed="0.002974"/>
</test>
<doc>Test Cal_Math Libray Functionality</doc>
<status status="PASS" start="2026-03-05T12:02:45.879946" elapsed="0.026092"/>
</suite>
<status status="PASS" start="2026-03-05T12:02:45.876710" elapsed="0.030923"/>
</suite>
<suite id="s1-s2" name="01 tests Folder 001" source="D:\01_HexaEmbed\02_Git_Dwonload_Test\01_tests_Folder_001">
<suite id="s1-s2-s1" name="01 TestSerial" source="D:\01_HexaEmbed\02_Git_Dwonload_Test\01_tests_Folder_001\01_TestSerial.robot">
<test id="s1-s2-s1-t1" name="Echo Test One" line="5">
<kw name="Write Data" owner="SerialLibrary">
<msg time="2026-03-05T12:02:49.946311" level="INFO">Sent: One</msg>
<arg>One</arg>
<status status="PASS" start="2026-03-05T12:02:47.939045" elapsed="2.007998"/>
</kw>
<kw name="Read Data" owner="SerialLibrary">
<msg time="2026-03-05T12:02:50.947361" level="INFO">Received: One</msg>
<msg time="2026-03-05T12:02:50.948226" level="INFO">${response} = One</msg>
<var>${response}</var>
<status status="PASS" start="2026-03-05T12:02:49.947628" elapsed="1.000939"/>
</kw>
<kw name="Should Be Equal" owner="BuiltIn">
<arg>${response}</arg>
<arg>One</arg>
<doc>Fails if the given objects are unequal.</doc>
<status status="PASS" start="2026-03-05T12:02:50.949246" elapsed="0.001788"/>
</kw>
<kw name="Close Serial" owner="SerialLibrary">
<status status="PASS" start="2026-03-05T12:02:50.951565" elapsed="0.001760"/>
</kw>
<doc>This test case One</doc>
<tag>login</tag>
<tag>One</tag>
<status status="PASS" start="2026-03-05T12:02:47.937321" elapsed="3.016716"/>
</test>
<test id="s1-s2-s1-t2" name="Echo Test Two" line="13">
<kw name="Write Data" owner="SerialLibrary">
<msg time="2026-03-05T12:02:52.963461" level="INFO">Sent: Two</msg>
<arg>Two</arg>
<status status="PASS" start="2026-03-05T12:02:50.957102" elapsed="2.007078"/>
</kw>
<kw name="Read Data" owner="SerialLibrary">
<msg time="2026-03-05T12:02:53.967715" level="INFO">Received: Two</msg>
<msg time="2026-03-05T12:02:53.968653" level="INFO">${response} = Two</msg>
<var>${response}</var>
<status status="PASS" start="2026-03-05T12:02:52.964895" elapsed="1.004102"/>
</kw>
<kw name="Should Be Equal" owner="BuiltIn">
<arg>${response}</arg>
<arg>Two</arg>
<doc>Fails if the given objects are unequal.</doc>
<status status="PASS" start="2026-03-05T12:02:53.969776" elapsed="0.001836"/>
</kw>
<kw name="Close Serial" owner="SerialLibrary">
<status status="PASS" start="2026-03-05T12:02:53.972238" elapsed="0.002043"/>
</kw>
<doc>This test case Two</doc>
<tag>login</tag>
<tag>Two</tag>
<status status="PASS" start="2026-03-05T12:02:50.955540" elapsed="3.019430"/>
</test>
<test id="s1-s2-s1-t3" name="Echo Test Three" line="21">
<kw name="Write Data" owner="SerialLibrary">
<msg time="2026-03-05T12:02:55.987004" level="INFO">Sent: Three</msg>
<arg>Three</arg>
<status status="PASS" start="2026-03-05T12:02:53.978433" elapsed="2.009125"/>
</kw>
<kw name="Read Data" owner="SerialLibrary">
<msg time="2026-03-05T12:02:57.000035" level="INFO">Received: Three</msg>
<msg time="2026-03-05T12:02:57.000880" level="INFO">${response} = Three</msg>
<var>${response}</var>
<status status="PASS" start="2026-03-05T12:02:55.988215" elapsed="1.012952"/>
</kw>
<kw name="Should Be Equal" owner="BuiltIn">
<arg>${response}</arg>
<arg>Three</arg>
<doc>Fails if the given objects are unequal.</doc>
<status status="PASS" start="2026-03-05T12:02:57.001763" elapsed="0.001599"/>
</kw>
<kw name="Close Serial" owner="SerialLibrary">
<status status="PASS" start="2026-03-05T12:02:57.003959" elapsed="0.001753"/>
</kw>
<doc>This test case Three</doc>
<tag>login</tag>
<tag>Three</tag>
<status status="PASS" start="2026-03-05T12:02:53.976819" elapsed="3.029468"/>
</test>
<status status="PASS" start="2026-03-05T12:02:45.912754" elapsed="11.096258"/>
</suite>
<suite id="s1-s2-s2" name="02 TestSerial" source="D:\01_HexaEmbed\02_Git_Dwonload_Test\01_tests_Folder_001\02_TestSerial.robot">
<test id="s1-s2-s2-t1" name="Echo Test One" line="5">
<kw name="Write Data" owner="SerialLibrary">
<msg time="2026-03-05T12:02:59.031993" level="INFO">Sent: Four</msg>
<arg>Four</arg>
<status status="PASS" start="2026-03-05T12:02:57.026551" elapsed="2.005680"/>
</kw>
<kw name="Read Data" owner="SerialLibrary">
<msg time="2026-03-05T12:03:00.040355" level="INFO">Received: Four</msg>
<msg time="2026-03-05T12:03:00.041026" level="INFO">${response} = Four</msg>
<var>${response}</var>
<status status="PASS" start="2026-03-05T12:02:59.032475" elapsed="1.008820"/>
</kw>
<kw name="Should Be Equal" owner="BuiltIn">
<arg>${response}</arg>
<arg>Four</arg>
<doc>Fails if the given objects are unequal.</doc>
<status status="PASS" start="2026-03-05T12:03:00.041829" elapsed="0.000998"/>
</kw>
<kw name="Close Serial" owner="SerialLibrary">
<status status="PASS" start="2026-03-05T12:03:00.043182" elapsed="0.001237"/>
</kw>
<doc>This test case Four</doc>
<tag>four</tag>
<tag>login</tag>
<status status="PASS" start="2026-03-05T12:02:57.024229" elapsed="3.020723"/>
</test>
<test id="s1-s2-s2-t2" name="Echo Test Two" line="13">
<kw name="Write Data" owner="SerialLibrary">
<msg time="2026-03-05T12:03:02.051851" level="INFO">Sent: Five</msg>
<arg>Five</arg>
<status status="PASS" start="2026-03-05T12:03:00.047113" elapsed="2.005070"/>
</kw>
<kw name="Read Data" owner="SerialLibrary">
<msg time="2026-03-05T12:03:03.056331" level="INFO">Received: Five</msg>
<msg time="2026-03-05T12:03:03.057370" level="INFO">${response} = Five</msg>
<var>${response}</var>
<status status="PASS" start="2026-03-05T12:03:02.052529" elapsed="1.005194"/>
</kw>
<kw name="Should Be Equal" owner="BuiltIn">
<arg>${response}</arg>
<arg>Five</arg>
<doc>Fails if the given objects are unequal.</doc>
<status status="PASS" start="2026-03-05T12:03:03.058478" elapsed="0.001841"/>
</kw>
<kw name="Close Serial" owner="SerialLibrary">
<status status="PASS" start="2026-03-05T12:03:03.061601" elapsed="0.002768"/>
</kw>
<doc>This test case Five</doc>
<tag>Five</tag>
<tag>login</tag>
<status status="PASS" start="2026-03-05T12:03:00.046121" elapsed="3.019424"/>
</test>
<test id="s1-s2-s2-t3" name="Echo Test Three" line="21">
<kw name="Write Data" owner="SerialLibrary">
<msg time="2026-03-05T12:03:05.077715" level="INFO">Sent: Six</msg>
<arg>Six</arg>
<status status="PASS" start="2026-03-05T12:03:03.071160" elapsed="2.007165"/>
</kw>
<kw name="Read Data" owner="SerialLibrary">
<msg time="2026-03-05T12:03:06.092871" level="INFO">Received: Six</msg>
<msg time="2026-03-05T12:03:06.093740" level="INFO">${response} = Six</msg>
<var>${response}</var>
<status status="PASS" start="2026-03-05T12:03:05.078955" elapsed="1.015091"/>
</kw>
<kw name="Should Be Equal" owner="BuiltIn">
<arg>${response}</arg>
<arg>Six</arg>
<doc>Fails if the given objects are unequal.</doc>
<status status="PASS" start="2026-03-05T12:03:06.094687" elapsed="0.001496"/>
</kw>
<kw name="Close Serial" owner="SerialLibrary">
<status status="PASS" start="2026-03-05T12:03:06.096804" elapsed="0.002499"/>
</kw>
<doc>This test case Six</doc>
<tag>login</tag>
<tag>Six</tag>
<status status="PASS" start="2026-03-05T12:03:03.068221" elapsed="3.032025"/>
</test>
<status status="PASS" start="2026-03-05T12:02:57.013760" elapsed="9.088769"/>
</suite>
<status status="PASS" start="2026-03-05T12:02:45.908945" elapsed="20.197579"/>
</suite>
<suite id="s1-s3" name="01 tests Folder 002" source="D:\01_HexaEmbed\02_Git_Dwonload_Test\01_tests_Folder_002">
<suite id="s1-s3-s1" name="01 TestSerial" source="D:\01_HexaEmbed\02_Git_Dwonload_Test\01_tests_Folder_002\01_TestSerial.robot">
<test id="s1-s3-s1-t1" name="Echo Test One" line="5">
<kw name="Write Data" owner="SerialLibrary">
<msg time="2026-03-05T12:03:08.135124" level="INFO">Sent: One</msg>
<arg>One</arg>
<status status="PASS" start="2026-03-05T12:03:06.128324" elapsed="2.007417"/>
</kw>
<kw name="Read Data" owner="SerialLibrary">
<msg time="2026-03-05T12:03:09.142174" level="INFO">Received: One</msg>
<msg time="2026-03-05T12:03:09.142969" level="INFO">${response} = One</msg>
<var>${response}</var>
<status status="PASS" start="2026-03-05T12:03:08.136357" elapsed="1.006894"/>
</kw>
<kw name="Should Be Equal" owner="BuiltIn">
<arg>${response}</arg>
<arg>One</arg>
<doc>Fails if the given objects are unequal.</doc>
<status status="PASS" start="2026-03-05T12:03:09.143920" elapsed="0.001561"/>
</kw>
<kw name="Close Serial" owner="SerialLibrary">
<status status="PASS" start="2026-03-05T12:03:09.146103" elapsed="0.001789"/>
</kw>
<doc>This test case One</doc>
<tag>login</tag>
<tag>One</tag>
<status status="PASS" start="2026-03-05T12:03:06.126385" elapsed="3.022188"/>
</test>
<test id="s1-s3-s1-t2" name="Echo Test Two" line="13">
<kw name="Write Data" owner="SerialLibrary">
<msg time="2026-03-05T12:03:11.158603" level="INFO">Sent: Two</msg>
<arg>Two</arg>
<status status="PASS" start="2026-03-05T12:03:09.151877" elapsed="2.007337"/>
</kw>
<kw name="Read Data" owner="SerialLibrary">
<msg time="2026-03-05T12:03:12.161440" level="INFO">Received: Two</msg>
<msg time="2026-03-05T12:03:12.162268" level="INFO">${response} = Two</msg>
<var>${response}</var>
<status status="PASS" start="2026-03-05T12:03:11.159873" elapsed="1.002687"/>
</kw>
<kw name="Should Be Equal" owner="BuiltIn">
<arg>${response}</arg>
<arg>Two</arg>
<doc>Fails if the given objects are unequal.</doc>
<status status="PASS" start="2026-03-05T12:03:12.163154" elapsed="0.001569"/>
</kw>
<kw name="Close Serial" owner="SerialLibrary">
<status status="PASS" start="2026-03-05T12:03:12.165247" elapsed="0.001904"/>
</kw>
<doc>This test case Two</doc>
<tag>login</tag>
<tag>Two</tag>
<status status="PASS" start="2026-03-05T12:03:09.150016" elapsed="3.017733"/>
</test>
<test id="s1-s3-s1-t3" name="Echo Test Three" line="21">
<kw name="Write Data" owner="SerialLibrary">
<msg time="2026-03-05T12:03:14.178049" level="INFO">Sent: Three</msg>
<arg>Three</arg>
<status status="PASS" start="2026-03-05T12:03:12.171135" elapsed="2.007514"/>
</kw>
<kw name="Read Data" owner="SerialLibrary">
<msg time="2026-03-05T12:03:15.187001" level="INFO">Received: Three</msg>
<msg time="2026-03-05T12:03:15.187754" level="INFO">${response} = Three</msg>
<var>${response}</var>
<status status="PASS" start="2026-03-05T12:03:14.179219" elapsed="1.008802"/>
</kw>
<kw name="Should Be Equal" owner="BuiltIn">
<arg>${response}</arg>
<arg>Three</arg>
<doc>Fails if the given objects are unequal.</doc>
<status status="PASS" start="2026-03-05T12:03:15.188585" elapsed="0.001585"/>
</kw>
<kw name="Close Serial" owner="SerialLibrary">
<status status="PASS" start="2026-03-05T12:03:15.190695" elapsed="0.001980"/>
</kw>
<doc>This test case Three</doc>
<tag>login</tag>
<tag>Three</tag>
<status status="PASS" start="2026-03-05T12:03:12.169413" elapsed="3.023841"/>
</test>
<status status="PASS" start="2026-03-05T12:03:06.115788" elapsed="9.079415"/>
</suite>
<suite id="s1-s3-s2" name="02 TestSerial" source="D:\01_HexaEmbed\02_Git_Dwonload_Test\01_tests_Folder_002\02_TestSerial.robot">
<test id="s1-s3-s2-t1" name="Echo Test One" line="5">
<kw name="Write Data" owner="SerialLibrary">
<msg time="2026-03-05T12:03:17.214710" level="INFO">Sent: Four</msg>
<arg>Four</arg>
<status status="PASS" start="2026-03-05T12:03:15.209556" elapsed="2.005673"/>
</kw>
<kw name="Read Data" owner="SerialLibrary">
<msg time="2026-03-05T12:03:18.220517" level="INFO">Received: Four</msg>
<msg time="2026-03-05T12:03:18.221344" level="INFO">${response} = Four</msg>
<var>${response}</var>
<status status="PASS" start="2026-03-05T12:03:17.215882" elapsed="1.005741"/>
</kw>
<kw name="Should Be Equal" owner="BuiltIn">
<arg>${response}</arg>
<arg>Four</arg>
<doc>Fails if the given objects are unequal.</doc>
<status status="PASS" start="2026-03-05T12:03:18.222288" elapsed="0.001662"/>
</kw>
<kw name="Close Serial" owner="SerialLibrary">
<status status="PASS" start="2026-03-05T12:03:18.224491" elapsed="0.001880"/>
</kw>
<doc>This test case Four</doc>
<tag>four</tag>
<tag>login</tag>
<status status="PASS" start="2026-03-05T12:03:15.207935" elapsed="3.019105"/>
</test>
<test id="s1-s3-s2-t2" name="Echo Test Two" line="13">
<kw name="Write Data" owner="SerialLibrary">
<msg time="2026-03-05T12:03:20.236437" level="INFO">Sent: Five</msg>
<arg>Five</arg>
<status status="PASS" start="2026-03-05T12:03:18.230375" elapsed="2.006268"/>
</kw>
<kw name="Read Data" owner="SerialLibrary">
<msg time="2026-03-05T12:03:21.249367" level="INFO">Received: Five</msg>
<msg time="2026-03-05T12:03:21.250424" level="INFO">${response} = Five</msg>
<var>${response}</var>
<status status="PASS" start="2026-03-05T12:03:20.236882" elapsed="1.014039"/>
</kw>
<kw name="Should Be Equal" owner="BuiltIn">
<arg>${response}</arg>
<arg>Five</arg>
<doc>Fails if the given objects are unequal.</doc>
<status status="PASS" start="2026-03-05T12:03:21.251791" elapsed="0.002392"/>
</kw>
<kw name="Close Serial" owner="SerialLibrary">
<status status="PASS" start="2026-03-05T12:03:21.254994" elapsed="0.001697"/>
</kw>
<doc>This test case Five</doc>
<tag>Five</tag>
<tag>login</tag>
<status status="PASS" start="2026-03-05T12:03:18.228533" elapsed="3.028878"/>
</test>
<test id="s1-s3-s2-t3" name="Echo Test Three" line="21">
<kw name="Write Data" owner="SerialLibrary">
<msg time="2026-03-05T12:03:23.267711" level="INFO">Sent: Six</msg>
<arg>Six</arg>
<status status="PASS" start="2026-03-05T12:03:21.261095" elapsed="2.006844"/>
</kw>
<kw name="Read Data" owner="SerialLibrary">
<msg time="2026-03-05T12:03:24.279072" level="INFO">Received: Six</msg>
<msg time="2026-03-05T12:03:24.279529" level="INFO">${response} = Six</msg>
<var>${response}</var>
<status status="PASS" start="2026-03-05T12:03:23.268162" elapsed="1.011555"/>
</kw>
<kw name="Should Be Equal" owner="BuiltIn">
<arg>${response}</arg>
<arg>Six</arg>
<doc>Fails if the given objects are unequal.</doc>
<status status="PASS" start="2026-03-05T12:03:24.280129" elapsed="0.000845"/>
</kw>
<kw name="Close Serial" owner="SerialLibrary">
<status status="PASS" start="2026-03-05T12:03:24.281588" elapsed="0.001054"/>
</kw>
<doc>This test case Six</doc>
<tag>login</tag>
<tag>Six</tag>
<status status="PASS" start="2026-03-05T12:03:21.259271" elapsed="3.023707"/>
</test>
<status status="PASS" start="2026-03-05T12:03:15.199133" elapsed="9.084952"/>
</suite>
<status status="PASS" start="2026-03-05T12:03:06.109815" elapsed="18.175828"/>
</suite>
<status status="PASS" start="2026-03-05T12:02:45.813411" elapsed="38.473906"/>
</suite>
<statistics>
<total>
<stat pass="14" fail="0" skip="0">All Tests</stat>
</total>
<tag>
<stat pass="2" fail="0" skip="0">Five</stat>
<stat pass="2" fail="0" skip="0">four</stat>
<stat pass="12" fail="0" skip="0">login</stat>
<stat pass="2" fail="0" skip="0">One</stat>
<stat pass="1" fail="0" skip="0">One More Time Test</stat>
<stat pass="1" fail="0" skip="0">Postive Addition Test</stat>
<stat pass="2" fail="0" skip="0">Six</stat>
<stat pass="2" fail="0" skip="0">Three</stat>
<stat pass="2" fail="0" skip="0">Two</stat>
</tag>
<suite>
<stat name="02 Git Dwonload Test" id="s1" pass="14" fail="0" skip="0">02 Git Dwonload Test</stat>
<stat name="01 tests Folder 000" id="s1-s1" pass="2" fail="0" skip="0">02 Git Dwonload Test.01 tests Folder 000</stat>
<stat name="00 TestCalMath" id="s1-s1-s1" pass="2" fail="0" skip="0">02 Git Dwonload Test.01 tests Folder 000.00 TestCalMath</stat>
<stat name="01 tests Folder 001" id="s1-s2" pass="6" fail="0" skip="0">02 Git Dwonload Test.01 tests Folder 001</stat>
<stat name="01 TestSerial" id="s1-s2-s1" pass="3" fail="0" skip="0">02 Git Dwonload Test.01 tests Folder 001.01 TestSerial</stat>
<stat name="02 TestSerial" id="s1-s2-s2" pass="3" fail="0" skip="0">02 Git Dwonload Test.01 tests Folder 001.02 TestSerial</stat>
<stat name="01 tests Folder 002" id="s1-s3" pass="6" fail="0" skip="0">02 Git Dwonload Test.01 tests Folder 002</stat>
<stat name="01 TestSerial" id="s1-s3-s1" pass="3" fail="0" skip="0">02 Git Dwonload Test.01 tests Folder 002.01 TestSerial</stat>
<stat name="02 TestSerial" id="s1-s3-s2" pass="3" fail="0" skip="0">02 Git Dwonload Test.01 tests Folder 002.02 TestSerial</stat>
</suite>
</statistics>
<errors>
</errors>
</robot>
